<?xml version="1.0" encoding="UTF-8"?>
<testng-results skipped="0" failed="0" total="2" passed="2">
  <reporter-output>
  </reporter-output>
  <suite name="Default suite" duration-ms="45386" started-at="2018-03-27T12:15:48Z" finished-at="2018-03-27T12:16:33Z">
    <groups>
    </groups>
    <test name="Default test" duration-ms="45386" started-at="2018-03-27T12:15:48Z" finished-at="2018-03-27T12:16:33Z">
      <class name="com.test.demo.Login">
        <test-method status="PASS" signature="MuserloginTest()[pri:0, instance:com.test.demo.Login@68be2bc2]" name="MuserloginTest" duration-ms="16968" started-at="2018-03-27T17:45:48Z" finished-at="2018-03-27T17:46:05Z">
          <reporter-output>
          </reporter-output>
        </test-method> <!-- MuserloginTest -->
        <test-method status="PASS" signature="RWloginTest()[pri:0, instance:com.test.demo.Login@68be2bc2]" name="RWloginTest" duration-ms="28383" started-at="2018-03-27T17:46:05Z" finished-at="2018-03-27T17:46:33Z">
          <reporter-output>
          </reporter-output>
        </test-method> <!-- RWloginTest -->
      </class> <!-- com.test.demo.Login -->
    </test> <!-- Default test -->
  </suite> <!-- Default suite -->
</testng-results>
